# JRE version: OpenJDK Runtime Environment (11.0.10) (build 11.0.10+0-b96-7249189)
# Java VM: OpenJDK 64-Bit Server VM (11.0.10+0-b96-7249189, mixed mode, tiered, compressed oops, g1 gc, linux-amd64)
Heap:
 garbage-first heap   total 296960K, used 99516K [0x0000000080000000, 0x0000000100000000)
  region size 1024K, 15 young (15360K), 6 survivors (6144K)
 Metaspace       used 140378K, capacity 144253K, committed 144460K, reserved 1175552K
  class space    used 17478K, capacity 18900K, committed 19020K, reserved 1048576K
GC Heap History (20 events):
Event: 9052,346 GC heap before
{Heap before GC invocations=90 (full 0):
 garbage-first heap   total 546816K, used 233910K [0x0000000080000000, 0x0000000100000000)
  region size 1024K, 26 young (26624K), 2 survivors (2048K)
 Metaspace       used 136722K, capacity 140212K, committed 140620K, reserved 1171456K
  class space    used 17191K, capacity 18487K, committed 18508K, reserved 1048576K
}
Event: 9052,366 GC heap after
{Heap after GC invocations=91 (full 0):
 garbage-first heap   total 546816K, used 215391K [0x0000000080000000, 0x0000000100000000)
  region size 1024K, 4 young (4096K), 4 survivors (4096K)
 Metaspace       used 136722K, capacity 140212K, committed 140620K, reserved 1171456K
  class space    used 17191K, capacity 18487K, committed 18508K, reserved 1048576K
}
Event: 9052,447 GC heap before
{Heap before GC invocations=91 (full 0):
 garbage-first heap   total 546816K, used 224607K [0x0000000080000000, 0x0000000100000000)
  region size 1024K, 15 young (15360K), 4 survivors (4096K)
 Metaspace       used 136822K, capacity 140236K, committed 140620K, reserved 1171456K
  class space    used 17200K, capacity 18491K, committed 18508K, reserved 1048576K
}
Event: 9052,469 GC heap after
{Heap after GC invocations=92 (full 0):
 garbage-first heap   total 546816K, used 216581K [0x0000000080000000, 0x0000000100000000)
  region size 1024K, 6 young (6144K), 6 survivors (6144K)
 Metaspace       used 136822K, capacity 140236K, committed 140620K, reserved 1171456K
  class space    used 17200K, capacity 18491K, committed 18508K, reserved 1048576K
}
Event: 9053,298 GC heap before
{Heap before GC invocations=93 (full 0):
 garbage-first heap   total 546816K, used 243878K [0x0000000080000000, 0x0000000100000000)
  region size 1024K, 98 young (100352K), 6 survivors (6144K)
 Metaspace       used 137998K, capacity 141543K, committed 141900K, reserved 1173504K
  class space    used 17331K, capacity 18658K, committed 18764K, reserved 1048576K
}
Event: 9053,332 GC heap after
{Heap after GC invocations=94 (full 0):
 garbage-first heap   total 546816K, used 158023K [0x0000000080000000, 0x0000000100000000)
  region size 1024K, 13 young (13312K), 13 survivors (13312K)
 Metaspace       used 137998K, capacity 141543K, committed 141900K, reserved 1173504K
  class space    used 17331K, capacity 18658K, committed 18764K, reserved 1048576K
}
Event: 9053,372 GC heap before
{Heap before GC invocations=94 (full 0):
 garbage-first heap   total 546816K, used 170311K [0x0000000080000000, 0x0000000100000000)
  region size 1024K, 26 young (26624K), 13 survivors (13312K)
 Metaspace       used 138040K, capacity 141549K, committed 141900K, reserved 1173504K
  class space    used 17331K, capacity 18658K, committed 18764K, reserved 1048576K
}
Event: 9053,400 GC heap after
{Heap after GC invocations=95 (full 0):
 garbage-first heap   total 985088K, used 145342K [0x0000000080000000, 0x0000000100000000)
  region size 1024K, 3 young (3072K), 3 survivors (3072K)
 Metaspace       used 138040K, capacity 141549K, committed 141900K, reserved 1173504K
  class space    used 17331K, capacity 18658K, committed 18764K, reserved 1048576K
}
Event: 9054,197 GC heap before
{Heap before GC invocations=95 (full 0):
 garbage-first heap   total 985088K, used 241598K [0x0000000080000000, 0x0000000100000000)
  region size 1024K, 99 young (101376K), 3 survivors (3072K)
 Metaspace       used 138561K, capacity 142094K, committed 142412K, reserved 1173504K
  class space    used 17352K, capacity 18679K, committed 18764K, reserved 1048576K
}
Event: 9054,230 GC heap after
{Heap after GC invocations=96 (full 0):
 garbage-first heap   total 985088K, used 151742K [0x0000000080000000, 0x0000000100000000)
  region size 1024K, 10 young (10240K), 10 survivors (10240K)
 Metaspace       used 138561K, capacity 142094K, committed 142412K, reserved 1173504K
  class space    used 17352K, capacity 18679K, committed 18764K, reserved 1048576K
}
Event: 9054,864 GC heap before
{Heap before GC invocations=97 (full 0):
 garbage-first heap   total 985088K, used 210110K [0x0000000080000000, 0x0000000100000000)
  region size 1024K, 68 young (69632K), 10 survivors (10240K)
 Metaspace       used 138970K, capacity 142522K, committed 142668K, reserved 1173504K
  class space    used 17357K, capacity 18685K, committed 18764K, reserved 1048576K
}
Event: 9054,893 GC heap after
{Heap after GC invocations=98 (full 0):
 garbage-first heap   total 985088K, used 150438K [0x0000000080000000, 0x0000000100000000)
  region size 1024K, 9 young (9216K), 9 survivors (9216K)
 Metaspace       used 138970K, capacity 142522K, committed 142668K, reserved 1173504K
  class space    used 17357K, capacity 18685K, committed 18764K, reserved 1048576K
}
Event: 9055,306 GC heap before
{Heap before GC invocations=99 (full 0):
 garbage-first heap   total 985088K, used 176038K [0x0000000080000000, 0x0000000100000000)
  region size 1024K, 36 young (36864K), 9 survivors (9216K)
 Metaspace       used 139025K, capacity 142560K, committed 142668K, reserved 1173504K
  class space    used 17362K, capacity 18693K, committed 18764K, reserved 1048576K
}
Event: 9055,316 GC heap after
{Heap after GC invocations=100 (full 0):
 garbage-first heap   total 985088K, used 142626K [0x0000000080000000, 0x0000000100000000)
  region size 1024K, 4 young (4096K), 4 survivors (4096K)
 Metaspace       used 139025K, capacity 142560K, committed 142668K, reserved 1173504K
  class space    used 17362K, capacity 18693K, committed 18764K, reserved 1048576K
}
Event: 9497,967 GC heap before
{Heap before GC invocations=101 (full 0):
 garbage-first heap   total 985088K, used 383266K [0x0000000080000000, 0x0000000100000000)
  region size 1024K, 226 young (231424K), 4 survivors (4096K)
 Metaspace       used 139872K, capacity 143542K, committed 143692K, reserved 1173504K
  class space    used 17402K, capacity 18761K, committed 18764K, reserved 1048576K
}
Event: 9497,999 GC heap after
{Heap after GC invocations=102 (full 0):
 garbage-first heap   total 985088K, used 147390K [0x0000000080000000, 0x0000000100000000)
  region size 1024K, 9 young (9216K), 9 survivors (9216K)
 Metaspace       used 139872K, capacity 143542K, committed 143692K, reserved 1173504K
  class space    used 17402K, capacity 18761K, committed 18764K, reserved 1048576K
}
Event: 13098,003 GC heap before
{Heap before GC invocations=103 (full 0):
 garbage-first heap   total 985088K, used 259006K [0x0000000080000000, 0x0000000100000000)
  region size 1024K, 106 young (108544K), 9 survivors (9216K)
 Metaspace       used 139908K, capacity 143546K, committed 143692K, reserved 1173504K
  class space    used 17402K, capacity 18761K, committed 18764K, reserved 1048576K
}
Event: 13098,331 GC heap after
{Heap after GC invocations=104 (full 1):
 garbage-first heap   total 296960K, used 85180K [0x0000000080000000, 0x0000000100000000)
  region size 1024K, 0 young (0K), 0 survivors (0K)
 Metaspace       used 139908K, capacity 143546K, committed 143692K, reserved 1173504K
  class space    used 17402K, capacity 18761K, committed 18764K, reserved 1048576K
}
Event: 16162,639 GC heap before
{Heap before GC invocations=104 (full 1):
 garbage-first heap   total 296960K, used 200892K [0x0000000080000000, 0x0000000100000000)
  region size 1024K, 114 young (116736K), 0 survivors (0K)
 Metaspace       used 140306K, capacity 144139K, committed 144332K, reserved 1175552K
  class space    used 17458K, capacity 18862K, committed 18892K, reserved 1048576K
}
Event: 16162,663 GC heap after
{Heap after GC invocations=105 (full 1):
 garbage-first heap   total 296960K, used 91324K [0x0000000080000000, 0x0000000100000000)
  region size 1024K, 6 young (6144K), 6 survivors (6144K)
 Metaspace       used 140306K, capacity 144139K, committed 144332K, reserved 1175552K
  class space    used 17458K, capacity 18862K, committed 18892K, reserved 1048576K
}

